..\char-server.ilk
..\char-server.pdb
C:\USERS\W I N D O W S 8.1\DOCUMENTS\RAGNAROK TOOLS\HERC\HERCULESSERVER\CHAR-SERVER.EXE
C:\Users\W i n D o w s 8.1\Documents\ragnarok tools\herc\HerculesServer\char-server.exp
C:\USERS\W I N D O W S 8.1\DOCUMENTS\RAGNAROK TOOLS\HERC\HERCULESSERVER\CHAR-SERVER.ILK
C:\Users\W i n D o w s 8.1\Documents\ragnarok tools\herc\HerculesServer\char-server.lib
C:\USERS\W I N D O W S 8.1\DOCUMENTS\RAGNAROK TOOLS\HERC\HERCULESSERVER\CHAR-SERVER.PDB
C:\Users\W i n D o w s 8.1\Documents\ragnarok tools\herc\HerculesServer\vcproj-10\..\char-server.exe
C:\Users\W i n D o w s 8.1\Documents\ragnarok tools\herc\HerculesServer\vcproj-10\char-server\Debug\char.obj
C:\USERS\W I N D O W S 8.1\DOCUMENTS\RAGNAROK TOOLS\HERC\HERCULESSERVER\VCPROJ-10\CHAR-SERVER\DEBUG\CHAR-SERVER.EXE.EMBED.MANIFEST
C:\USERS\W I N D O W S 8.1\DOCUMENTS\RAGNAROK TOOLS\HERC\HERCULESSERVER\VCPROJ-10\CHAR-SERVER\DEBUG\CHAR-SERVER.EXE.EMBED.MANIFEST.RES
C:\USERS\W I N D O W S 8.1\DOCUMENTS\RAGNAROK TOOLS\HERC\HERCULESSERVER\VCPROJ-10\CHAR-SERVER\DEBUG\CHAR-SERVER.EXE.INTERMEDIATE.MANIFEST
C:\Users\W i n D o w s 8.1\Documents\ragnarok tools\herc\HerculesServer\vcproj-10\char-server\Debug\char-server.write.1.tlog
C:\Users\W i n D o w s 8.1\Documents\ragnarok tools\herc\HerculesServer\vcproj-10\char-server\Debug\char-server_manifest.rc
C:\Users\W i n D o w s 8.1\Documents\ragnarok tools\herc\HerculesServer\vcproj-10\char-server\Debug\CL.4276.read.1.tlog
C:\Users\W i n D o w s 8.1\Documents\ragnarok tools\herc\HerculesServer\vcproj-10\char-server\Debug\CL.4276.write.1.tlog
C:\Users\W i n D o w s 8.1\Documents\ragnarok tools\herc\HerculesServer\vcproj-10\char-server\Debug\CL.5032.read.1.tlog
C:\Users\W i n D o w s 8.1\Documents\ragnarok tools\herc\HerculesServer\vcproj-10\char-server\Debug\CL.5032.write.1.tlog
C:\Users\W i n D o w s 8.1\Documents\ragnarok tools\herc\HerculesServer\vcproj-10\char-server\Debug\cl.command.1.tlog
C:\Users\W i n D o w s 8.1\Documents\ragnarok tools\herc\HerculesServer\vcproj-10\char-server\Debug\CL.read.1.tlog
C:\Users\W i n D o w s 8.1\Documents\ragnarok tools\herc\HerculesServer\vcproj-10\char-server\Debug\cl.write.1.tlog
C:\Users\W i n D o w s 8.1\Documents\ragnarok tools\herc\HerculesServer\vcproj-10\char-server\Debug\conf.obj
C:\Users\W i n D o w s 8.1\Documents\ragnarok tools\herc\HerculesServer\vcproj-10\char-server\Debug\console.obj
C:\Users\W i n D o w s 8.1\Documents\ragnarok tools\herc\HerculesServer\vcproj-10\char-server\Debug\core.obj
C:\Users\W i n D o w s 8.1\Documents\ragnarok tools\herc\HerculesServer\vcproj-10\char-server\Debug\db.obj
C:\Users\W i n D o w s 8.1\Documents\ragnarok tools\herc\HerculesServer\vcproj-10\char-server\Debug\ers.obj
C:\Users\W i n D o w s 8.1\Documents\ragnarok tools\herc\HerculesServer\vcproj-10\char-server\Debug\geoip.obj
C:\Users\W i n D o w s 8.1\Documents\ragnarok tools\herc\HerculesServer\vcproj-10\char-server\Debug\grammar.obj
C:\Users\W i n D o w s 8.1\Documents\ragnarok tools\herc\HerculesServer\vcproj-10\char-server\Debug\HPM.obj
C:\Users\W i n D o w s 8.1\Documents\ragnarok tools\herc\HerculesServer\vcproj-10\char-server\Debug\HPMchar.obj
C:\Users\W i n D o w s 8.1\Documents\ragnarok tools\herc\HerculesServer\vcproj-10\char-server\Debug\int_auction.obj
C:\Users\W i n D o w s 8.1\Documents\ragnarok tools\herc\HerculesServer\vcproj-10\char-server\Debug\int_elemental.obj
C:\Users\W i n D o w s 8.1\Documents\ragnarok tools\herc\HerculesServer\vcproj-10\char-server\Debug\int_guild.obj
C:\Users\W i n D o w s 8.1\Documents\ragnarok tools\herc\HerculesServer\vcproj-10\char-server\Debug\int_homun.obj
C:\Users\W i n D o w s 8.1\Documents\ragnarok tools\herc\HerculesServer\vcproj-10\char-server\Debug\int_mail.obj
C:\Users\W i n D o w s 8.1\Documents\ragnarok tools\herc\HerculesServer\vcproj-10\char-server\Debug\int_mercenary.obj
C:\Users\W i n D o w s 8.1\Documents\ragnarok tools\herc\HerculesServer\vcproj-10\char-server\Debug\int_party.obj
C:\Users\W i n D o w s 8.1\Documents\ragnarok tools\herc\HerculesServer\vcproj-10\char-server\Debug\int_pet.obj
C:\Users\W i n D o w s 8.1\Documents\ragnarok tools\herc\HerculesServer\vcproj-10\char-server\Debug\int_quest.obj
C:\Users\W i n D o w s 8.1\Documents\ragnarok tools\herc\HerculesServer\vcproj-10\char-server\Debug\int_storage.obj
C:\Users\W i n D o w s 8.1\Documents\ragnarok tools\herc\HerculesServer\vcproj-10\char-server\Debug\inter.obj
C:\Users\W i n D o w s 8.1\Documents\ragnarok tools\herc\HerculesServer\vcproj-10\char-server\Debug\libconfig.obj
C:\Users\W i n D o w s 8.1\Documents\ragnarok tools\herc\HerculesServer\vcproj-10\char-server\Debug\link.1120.read.1.tlog
C:\Users\W i n D o w s 8.1\Documents\ragnarok tools\herc\HerculesServer\vcproj-10\char-server\Debug\link.1120.write.1.tlog
C:\Users\W i n D o w s 8.1\Documents\ragnarok tools\herc\HerculesServer\vcproj-10\char-server\Debug\link.1120-cvtres.read.1.tlog
C:\Users\W i n D o w s 8.1\Documents\ragnarok tools\herc\HerculesServer\vcproj-10\char-server\Debug\link.1120-cvtres.write.1.tlog
C:\Users\W i n D o w s 8.1\Documents\ragnarok tools\herc\HerculesServer\vcproj-10\char-server\Debug\link.command.1.tlog
C:\Users\W i n D o w s 8.1\Documents\ragnarok tools\herc\HerculesServer\vcproj-10\char-server\Debug\link.read.1.tlog
C:\Users\W i n D o w s 8.1\Documents\ragnarok tools\herc\HerculesServer\vcproj-10\char-server\Debug\link.write.1.tlog
C:\Users\W i n D o w s 8.1\Documents\ragnarok tools\herc\HerculesServer\vcproj-10\char-server\Debug\link-cvtres.read.1.tlog
C:\Users\W i n D o w s 8.1\Documents\ragnarok tools\herc\HerculesServer\vcproj-10\char-server\Debug\link-cvtres.write.1.tlog
C:\Users\W i n D o w s 8.1\Documents\ragnarok tools\herc\HerculesServer\vcproj-10\char-server\Debug\loginif.obj
C:\Users\W i n D o w s 8.1\Documents\ragnarok tools\herc\HerculesServer\vcproj-10\char-server\Debug\mapif.obj
C:\Users\W i n D o w s 8.1\Documents\ragnarok tools\herc\HerculesServer\vcproj-10\char-server\Debug\mapindex.obj
C:\Users\W i n D o w s 8.1\Documents\ragnarok tools\herc\HerculesServer\vcproj-10\char-server\Debug\memmgr.obj
C:\Users\W i n D o w s 8.1\Documents\ragnarok tools\herc\HerculesServer\vcproj-10\char-server\Debug\mt.command.1.tlog
C:\Users\W i n D o w s 8.1\Documents\ragnarok tools\herc\HerculesServer\vcproj-10\char-server\Debug\mt.read.1.tlog
C:\Users\W i n D o w s 8.1\Documents\ragnarok tools\herc\HerculesServer\vcproj-10\char-server\Debug\mt.write.1.tlog
C:\Users\W i n D o w s 8.1\Documents\ragnarok tools\herc\HerculesServer\vcproj-10\char-server\Debug\mt19937ar.obj
C:\Users\W i n D o w s 8.1\Documents\ragnarok tools\herc\HerculesServer\vcproj-10\char-server\Debug\mutex.obj
C:\Users\W i n D o w s 8.1\Documents\ragnarok tools\herc\HerculesServer\vcproj-10\char-server\Debug\nullpo.obj
C:\Users\W i n D o w s 8.1\Documents\ragnarok tools\herc\HerculesServer\vcproj-10\char-server\Debug\pincode.obj
C:\Users\W i n D o w s 8.1\Documents\ragnarok tools\herc\HerculesServer\vcproj-10\char-server\Debug\random.obj
C:\Users\W i n D o w s 8.1\Documents\ragnarok tools\herc\HerculesServer\vcproj-10\char-server\Debug\rc.command.1.tlog
C:\Users\W i n D o w s 8.1\Documents\ragnarok tools\herc\HerculesServer\vcproj-10\char-server\Debug\rc.read.1.tlog
C:\Users\W i n D o w s 8.1\Documents\ragnarok tools\herc\HerculesServer\vcproj-10\char-server\Debug\rc.write.1.tlog
C:\Users\W i n D o w s 8.1\Documents\ragnarok tools\herc\HerculesServer\vcproj-10\char-server\Debug\scanctx.obj
C:\Users\W i n D o w s 8.1\Documents\ragnarok tools\herc\HerculesServer\vcproj-10\char-server\Debug\scanner.obj
C:\Users\W i n D o w s 8.1\Documents\ragnarok tools\herc\HerculesServer\vcproj-10\char-server\Debug\showmsg.obj
C:\Users\W i n D o w s 8.1\Documents\ragnarok tools\herc\HerculesServer\vcproj-10\char-server\Debug\socket.obj
C:\Users\W i n D o w s 8.1\Documents\ragnarok tools\herc\HerculesServer\vcproj-10\char-server\Debug\sql.obj
C:\Users\W i n D o w s 8.1\Documents\ragnarok tools\herc\HerculesServer\vcproj-10\char-server\Debug\strbuf.obj
C:\Users\W i n D o w s 8.1\Documents\ragnarok tools\herc\HerculesServer\vcproj-10\char-server\Debug\strlib.obj
C:\Users\W i n D o w s 8.1\Documents\ragnarok tools\herc\HerculesServer\vcproj-10\char-server\Debug\sysinfo.obj
C:\Users\W i n D o w s 8.1\Documents\ragnarok tools\herc\HerculesServer\vcproj-10\char-server\Debug\thread.obj
C:\Users\W i n D o w s 8.1\Documents\ragnarok tools\herc\HerculesServer\vcproj-10\char-server\Debug\timer.obj
C:\Users\W i n D o w s 8.1\Documents\ragnarok tools\herc\HerculesServer\vcproj-10\char-server\Debug\utils.obj
C:\Users\W i n D o w s 8.1\Documents\ragnarok tools\herc\HerculesServer\vcproj-10\char-server\Debug\vc100.idb
C:\USERS\W I N D O W S 8.1\DOCUMENTS\RAGNAROK TOOLS\HERC\HERCULESSERVER\VCPROJ-10\CHAR-SERVER\DEBUG\VC100.PDB
