..\mapcache.ilk
..\mapcache.pdb
C:\USERS\W I N D O W S 8.1\DOCUMENTS\RAGNAROK TOOLS\HERC\HERCULESSERVER\MAPCACHE.EXE
C:\USERS\W I N D O W S 8.1\DOCUMENTS\RAGNAROK TOOLS\HERC\HERCULESSERVER\MAPCACHE.ILK
C:\USERS\W I N D O W S 8.1\DOCUMENTS\RAGNAROK TOOLS\HERC\HERCULESSERVER\MAPCACHE.PDB
C:\Users\W i n D o w s 8.1\Documents\ragnarok tools\herc\HerculesServer\vcproj-10\..\mapcache.exe
C:\Users\W i n D o w s 8.1\Documents\ragnarok tools\herc\HerculesServer\vcproj-10\mapcache\Debug\CL.3676.read.1.tlog
C:\Users\W i n D o w s 8.1\Documents\ragnarok tools\herc\HerculesServer\vcproj-10\mapcache\Debug\CL.3676.write.1.tlog
C:\Users\W i n D o w s 8.1\Documents\ragnarok tools\herc\HerculesServer\vcproj-10\mapcache\Debug\CL.3872.read.1.tlog
C:\Users\W i n D o w s 8.1\Documents\ragnarok tools\herc\HerculesServer\vcproj-10\mapcache\Debug\CL.3872.write.1.tlog
C:\Users\W i n D o w s 8.1\Documents\ragnarok tools\herc\HerculesServer\vcproj-10\mapcache\Debug\cl.command.1.tlog
C:\Users\W i n D o w s 8.1\Documents\ragnarok tools\herc\HerculesServer\vcproj-10\mapcache\Debug\CL.read.1.tlog
C:\Users\W i n D o w s 8.1\Documents\ragnarok tools\herc\HerculesServer\vcproj-10\mapcache\Debug\cl.write.1.tlog
C:\Users\W i n D o w s 8.1\Documents\ragnarok tools\herc\HerculesServer\vcproj-10\mapcache\Debug\console.obj
C:\Users\W i n D o w s 8.1\Documents\ragnarok tools\herc\HerculesServer\vcproj-10\mapcache\Debug\core.obj
C:\Users\W i n D o w s 8.1\Documents\ragnarok tools\herc\HerculesServer\vcproj-10\mapcache\Debug\des.obj
C:\Users\W i n D o w s 8.1\Documents\ragnarok tools\herc\HerculesServer\vcproj-10\mapcache\Debug\grfio.obj
C:\Users\W i n D o w s 8.1\Documents\ragnarok tools\herc\HerculesServer\vcproj-10\mapcache\Debug\link.3888.read.1.tlog
C:\Users\W i n D o w s 8.1\Documents\ragnarok tools\herc\HerculesServer\vcproj-10\mapcache\Debug\link.3888.write.1.tlog
C:\Users\W i n D o w s 8.1\Documents\ragnarok tools\herc\HerculesServer\vcproj-10\mapcache\Debug\link.3888-cvtres.read.1.tlog
C:\Users\W i n D o w s 8.1\Documents\ragnarok tools\herc\HerculesServer\vcproj-10\mapcache\Debug\link.3888-cvtres.write.1.tlog
C:\Users\W i n D o w s 8.1\Documents\ragnarok tools\herc\HerculesServer\vcproj-10\mapcache\Debug\link.command.1.tlog
C:\Users\W i n D o w s 8.1\Documents\ragnarok tools\herc\HerculesServer\vcproj-10\mapcache\Debug\link.read.1.tlog
C:\Users\W i n D o w s 8.1\Documents\ragnarok tools\herc\HerculesServer\vcproj-10\mapcache\Debug\link.write.1.tlog
C:\Users\W i n D o w s 8.1\Documents\ragnarok tools\herc\HerculesServer\vcproj-10\mapcache\Debug\link-cvtres.read.1.tlog
C:\Users\W i n D o w s 8.1\Documents\ragnarok tools\herc\HerculesServer\vcproj-10\mapcache\Debug\link-cvtres.write.1.tlog
C:\USERS\W I N D O W S 8.1\DOCUMENTS\RAGNAROK TOOLS\HERC\HERCULESSERVER\VCPROJ-10\MAPCACHE\DEBUG\MAPCACHE.EXE.EMBED.MANIFEST
C:\USERS\W I N D O W S 8.1\DOCUMENTS\RAGNAROK TOOLS\HERC\HERCULESSERVER\VCPROJ-10\MAPCACHE\DEBUG\MAPCACHE.EXE.EMBED.MANIFEST.RES
C:\USERS\W I N D O W S 8.1\DOCUMENTS\RAGNAROK TOOLS\HERC\HERCULESSERVER\VCPROJ-10\MAPCACHE\DEBUG\MAPCACHE.EXE.INTERMEDIATE.MANIFEST
C:\Users\W i n D o w s 8.1\Documents\ragnarok tools\herc\HerculesServer\vcproj-10\mapcache\Debug\mapcache.obj
C:\Users\W i n D o w s 8.1\Documents\ragnarok tools\herc\HerculesServer\vcproj-10\mapcache\Debug\mapcache.write.1.tlog
C:\Users\W i n D o w s 8.1\Documents\ragnarok tools\herc\HerculesServer\vcproj-10\mapcache\Debug\mapcache_manifest.rc
C:\Users\W i n D o w s 8.1\Documents\ragnarok tools\herc\HerculesServer\vcproj-10\mapcache\Debug\memmgr.obj
C:\Users\W i n D o w s 8.1\Documents\ragnarok tools\herc\HerculesServer\vcproj-10\mapcache\Debug\mt.command.1.tlog
C:\Users\W i n D o w s 8.1\Documents\ragnarok tools\herc\HerculesServer\vcproj-10\mapcache\Debug\mt.read.1.tlog
C:\Users\W i n D o w s 8.1\Documents\ragnarok tools\herc\HerculesServer\vcproj-10\mapcache\Debug\mt.write.1.tlog
C:\Users\W i n D o w s 8.1\Documents\ragnarok tools\herc\HerculesServer\vcproj-10\mapcache\Debug\nullpo.obj
C:\Users\W i n D o w s 8.1\Documents\ragnarok tools\herc\HerculesServer\vcproj-10\mapcache\Debug\rc.command.1.tlog
C:\Users\W i n D o w s 8.1\Documents\ragnarok tools\herc\HerculesServer\vcproj-10\mapcache\Debug\rc.read.1.tlog
C:\Users\W i n D o w s 8.1\Documents\ragnarok tools\herc\HerculesServer\vcproj-10\mapcache\Debug\rc.write.1.tlog
C:\Users\W i n D o w s 8.1\Documents\ragnarok tools\herc\HerculesServer\vcproj-10\mapcache\Debug\showmsg.obj
C:\Users\W i n D o w s 8.1\Documents\ragnarok tools\herc\HerculesServer\vcproj-10\mapcache\Debug\strlib.obj
C:\Users\W i n D o w s 8.1\Documents\ragnarok tools\herc\HerculesServer\vcproj-10\mapcache\Debug\sysinfo.obj
C:\Users\W i n D o w s 8.1\Documents\ragnarok tools\herc\HerculesServer\vcproj-10\mapcache\Debug\utils.obj
C:\Users\W i n D o w s 8.1\Documents\ragnarok tools\herc\HerculesServer\vcproj-10\mapcache\Debug\vc100.idb
C:\USERS\W I N D O W S 8.1\DOCUMENTS\RAGNAROK TOOLS\HERC\HERCULESSERVER\VCPROJ-10\MAPCACHE\DEBUG\VC100.PDB
