..\map-server.ilk
..\map-server.pdb
C:\USERS\W I N D O W S 8.1\DOCUMENTS\RAGNAROK TOOLS\HERC\HERCULESSERVER\MAP-SERVER.EXE
C:\Users\W i n D o w s 8.1\Documents\ragnarok tools\herc\HerculesServer\map-server.exp
C:\USERS\W I N D O W S 8.1\DOCUMENTS\RAGNAROK TOOLS\HERC\HERCULESSERVER\MAP-SERVER.ILK
C:\Users\W i n D o w s 8.1\Documents\ragnarok tools\herc\HerculesServer\map-server.lib
C:\USERS\W I N D O W S 8.1\DOCUMENTS\RAGNAROK TOOLS\HERC\HERCULESSERVER\MAP-SERVER.PDB
C:\Users\W i n D o w s 8.1\Documents\ragnarok tools\herc\HerculesServer\vcproj-10\..\map-server.exe
C:\Users\W i n D o w s 8.1\Documents\ragnarok tools\herc\HerculesServer\vcproj-10\map-server\Debug\atcommand.obj
C:\Users\W i n D o w s 8.1\Documents\ragnarok tools\herc\HerculesServer\vcproj-10\map-server\Debug\battle.obj
C:\Users\W i n D o w s 8.1\Documents\ragnarok tools\herc\HerculesServer\vcproj-10\map-server\Debug\battleground.obj
C:\Users\W i n D o w s 8.1\Documents\ragnarok tools\herc\HerculesServer\vcproj-10\map-server\Debug\buyingstore.obj
C:\Users\W i n D o w s 8.1\Documents\ragnarok tools\herc\HerculesServer\vcproj-10\map-server\Debug\channel.obj
C:\Users\W i n D o w s 8.1\Documents\ragnarok tools\herc\HerculesServer\vcproj-10\map-server\Debug\chat.obj
C:\Users\W i n D o w s 8.1\Documents\ragnarok tools\herc\HerculesServer\vcproj-10\map-server\Debug\chrif.obj
C:\Users\W i n D o w s 8.1\Documents\ragnarok tools\herc\HerculesServer\vcproj-10\map-server\Debug\CL.2996.read.1.tlog
C:\Users\W i n D o w s 8.1\Documents\ragnarok tools\herc\HerculesServer\vcproj-10\map-server\Debug\CL.2996.write.1.tlog
C:\Users\W i n D o w s 8.1\Documents\ragnarok tools\herc\HerculesServer\vcproj-10\map-server\Debug\CL.3616.read.1.tlog
C:\Users\W i n D o w s 8.1\Documents\ragnarok tools\herc\HerculesServer\vcproj-10\map-server\Debug\CL.3616.write.1.tlog
C:\Users\W i n D o w s 8.1\Documents\ragnarok tools\herc\HerculesServer\vcproj-10\map-server\Debug\cl.command.1.tlog
C:\Users\W i n D o w s 8.1\Documents\ragnarok tools\herc\HerculesServer\vcproj-10\map-server\Debug\CL.read.1.tlog
C:\Users\W i n D o w s 8.1\Documents\ragnarok tools\herc\HerculesServer\vcproj-10\map-server\Debug\cl.write.1.tlog
C:\Users\W i n D o w s 8.1\Documents\ragnarok tools\herc\HerculesServer\vcproj-10\map-server\Debug\clif.obj
C:\Users\W i n D o w s 8.1\Documents\ragnarok tools\herc\HerculesServer\vcproj-10\map-server\Debug\conf.obj
C:\Users\W i n D o w s 8.1\Documents\ragnarok tools\herc\HerculesServer\vcproj-10\map-server\Debug\console.obj
C:\Users\W i n D o w s 8.1\Documents\ragnarok tools\herc\HerculesServer\vcproj-10\map-server\Debug\core.obj
C:\Users\W i n D o w s 8.1\Documents\ragnarok tools\herc\HerculesServer\vcproj-10\map-server\Debug\date.obj
C:\Users\W i n D o w s 8.1\Documents\ragnarok tools\herc\HerculesServer\vcproj-10\map-server\Debug\db.obj
C:\Users\W i n D o w s 8.1\Documents\ragnarok tools\herc\HerculesServer\vcproj-10\map-server\Debug\des.obj
C:\Users\W i n D o w s 8.1\Documents\ragnarok tools\herc\HerculesServer\vcproj-10\map-server\Debug\duel.obj
C:\Users\W i n D o w s 8.1\Documents\ragnarok tools\herc\HerculesServer\vcproj-10\map-server\Debug\elemental.obj
C:\Users\W i n D o w s 8.1\Documents\ragnarok tools\herc\HerculesServer\vcproj-10\map-server\Debug\ers.obj
C:\Users\W i n D o w s 8.1\Documents\ragnarok tools\herc\HerculesServer\vcproj-10\map-server\Debug\grammar.obj
C:\Users\W i n D o w s 8.1\Documents\ragnarok tools\herc\HerculesServer\vcproj-10\map-server\Debug\grfio.obj
C:\Users\W i n D o w s 8.1\Documents\ragnarok tools\herc\HerculesServer\vcproj-10\map-server\Debug\guild.obj
C:\Users\W i n D o w s 8.1\Documents\ragnarok tools\herc\HerculesServer\vcproj-10\map-server\Debug\homunculus.obj
C:\Users\W i n D o w s 8.1\Documents\ragnarok tools\herc\HerculesServer\vcproj-10\map-server\Debug\HPM.obj
C:\Users\W i n D o w s 8.1\Documents\ragnarok tools\herc\HerculesServer\vcproj-10\map-server\Debug\HPMmap.obj
C:\Users\W i n D o w s 8.1\Documents\ragnarok tools\herc\HerculesServer\vcproj-10\map-server\Debug\instance.obj
C:\Users\W i n D o w s 8.1\Documents\ragnarok tools\herc\HerculesServer\vcproj-10\map-server\Debug\intif.obj
C:\Users\W i n D o w s 8.1\Documents\ragnarok tools\herc\HerculesServer\vcproj-10\map-server\Debug\irc-bot.obj
C:\Users\W i n D o w s 8.1\Documents\ragnarok tools\herc\HerculesServer\vcproj-10\map-server\Debug\itemdb.obj
C:\Users\W i n D o w s 8.1\Documents\ragnarok tools\herc\HerculesServer\vcproj-10\map-server\Debug\libconfig.obj
C:\Users\W i n D o w s 8.1\Documents\ragnarok tools\herc\HerculesServer\vcproj-10\map-server\Debug\link.4628.read.1.tlog
C:\Users\W i n D o w s 8.1\Documents\ragnarok tools\herc\HerculesServer\vcproj-10\map-server\Debug\link.4628.write.1.tlog
C:\Users\W i n D o w s 8.1\Documents\ragnarok tools\herc\HerculesServer\vcproj-10\map-server\Debug\link.4628-cvtres.read.1.tlog
C:\Users\W i n D o w s 8.1\Documents\ragnarok tools\herc\HerculesServer\vcproj-10\map-server\Debug\link.4628-cvtres.write.1.tlog
C:\Users\W i n D o w s 8.1\Documents\ragnarok tools\herc\HerculesServer\vcproj-10\map-server\Debug\link.command.1.tlog
C:\Users\W i n D o w s 8.1\Documents\ragnarok tools\herc\HerculesServer\vcproj-10\map-server\Debug\link.read.1.tlog
C:\Users\W i n D o w s 8.1\Documents\ragnarok tools\herc\HerculesServer\vcproj-10\map-server\Debug\link.write.1.tlog
C:\Users\W i n D o w s 8.1\Documents\ragnarok tools\herc\HerculesServer\vcproj-10\map-server\Debug\link-cvtres.read.1.tlog
C:\Users\W i n D o w s 8.1\Documents\ragnarok tools\herc\HerculesServer\vcproj-10\map-server\Debug\link-cvtres.write.1.tlog
C:\Users\W i n D o w s 8.1\Documents\ragnarok tools\herc\HerculesServer\vcproj-10\map-server\Debug\log.obj
C:\Users\W i n D o w s 8.1\Documents\ragnarok tools\herc\HerculesServer\vcproj-10\map-server\Debug\mail.obj
C:\Users\W i n D o w s 8.1\Documents\ragnarok tools\herc\HerculesServer\vcproj-10\map-server\Debug\map.obj
C:\Users\W i n D o w s 8.1\Documents\ragnarok tools\herc\HerculesServer\vcproj-10\map-server\Debug\mapindex.obj
C:\Users\W i n D o w s 8.1\Documents\ragnarok tools\herc\HerculesServer\vcproj-10\map-server\Debug\mapreg_sql.obj
C:\USERS\W I N D O W S 8.1\DOCUMENTS\RAGNAROK TOOLS\HERC\HERCULESSERVER\VCPROJ-10\MAP-SERVER\DEBUG\MAP-SERVER.EXE.EMBED.MANIFEST
C:\USERS\W I N D O W S 8.1\DOCUMENTS\RAGNAROK TOOLS\HERC\HERCULESSERVER\VCPROJ-10\MAP-SERVER\DEBUG\MAP-SERVER.EXE.EMBED.MANIFEST.RES
C:\USERS\W I N D O W S 8.1\DOCUMENTS\RAGNAROK TOOLS\HERC\HERCULESSERVER\VCPROJ-10\MAP-SERVER\DEBUG\MAP-SERVER.EXE.INTERMEDIATE.MANIFEST
C:\Users\W i n D o w s 8.1\Documents\ragnarok tools\herc\HerculesServer\vcproj-10\map-server\Debug\map-server.write.1.tlog
C:\Users\W i n D o w s 8.1\Documents\ragnarok tools\herc\HerculesServer\vcproj-10\map-server\Debug\map-server_manifest.rc
C:\Users\W i n D o w s 8.1\Documents\ragnarok tools\herc\HerculesServer\vcproj-10\map-server\Debug\md5calc.obj
C:\Users\W i n D o w s 8.1\Documents\ragnarok tools\herc\HerculesServer\vcproj-10\map-server\Debug\memmgr.obj
C:\Users\W i n D o w s 8.1\Documents\ragnarok tools\herc\HerculesServer\vcproj-10\map-server\Debug\mercenary.obj
C:\Users\W i n D o w s 8.1\Documents\ragnarok tools\herc\HerculesServer\vcproj-10\map-server\Debug\mob.obj
C:\Users\W i n D o w s 8.1\Documents\ragnarok tools\herc\HerculesServer\vcproj-10\map-server\Debug\mt.command.1.tlog
C:\Users\W i n D o w s 8.1\Documents\ragnarok tools\herc\HerculesServer\vcproj-10\map-server\Debug\mt.read.1.tlog
C:\Users\W i n D o w s 8.1\Documents\ragnarok tools\herc\HerculesServer\vcproj-10\map-server\Debug\mt.write.1.tlog
C:\Users\W i n D o w s 8.1\Documents\ragnarok tools\herc\HerculesServer\vcproj-10\map-server\Debug\mt19937ar.obj
C:\Users\W i n D o w s 8.1\Documents\ragnarok tools\herc\HerculesServer\vcproj-10\map-server\Debug\mutex.obj
C:\Users\W i n D o w s 8.1\Documents\ragnarok tools\herc\HerculesServer\vcproj-10\map-server\Debug\npc.obj
C:\Users\W i n D o w s 8.1\Documents\ragnarok tools\herc\HerculesServer\vcproj-10\map-server\Debug\npc_chat.obj
C:\Users\W i n D o w s 8.1\Documents\ragnarok tools\herc\HerculesServer\vcproj-10\map-server\Debug\nullpo.obj
C:\Users\W i n D o w s 8.1\Documents\ragnarok tools\herc\HerculesServer\vcproj-10\map-server\Debug\party.obj
C:\Users\W i n D o w s 8.1\Documents\ragnarok tools\herc\HerculesServer\vcproj-10\map-server\Debug\path.obj
C:\Users\W i n D o w s 8.1\Documents\ragnarok tools\herc\HerculesServer\vcproj-10\map-server\Debug\pc.obj
C:\Users\W i n D o w s 8.1\Documents\ragnarok tools\herc\HerculesServer\vcproj-10\map-server\Debug\pc_groups.obj
C:\Users\W i n D o w s 8.1\Documents\ragnarok tools\herc\HerculesServer\vcproj-10\map-server\Debug\pet.obj
C:\Users\W i n D o w s 8.1\Documents\ragnarok tools\herc\HerculesServer\vcproj-10\map-server\Debug\quest.obj
C:\Users\W i n D o w s 8.1\Documents\ragnarok tools\herc\HerculesServer\vcproj-10\map-server\Debug\random.obj
C:\Users\W i n D o w s 8.1\Documents\ragnarok tools\herc\HerculesServer\vcproj-10\map-server\Debug\rc.command.1.tlog
C:\Users\W i n D o w s 8.1\Documents\ragnarok tools\herc\HerculesServer\vcproj-10\map-server\Debug\rc.read.1.tlog
C:\Users\W i n D o w s 8.1\Documents\ragnarok tools\herc\HerculesServer\vcproj-10\map-server\Debug\rc.write.1.tlog
C:\Users\W i n D o w s 8.1\Documents\ragnarok tools\herc\HerculesServer\vcproj-10\map-server\Debug\scanctx.obj
C:\Users\W i n D o w s 8.1\Documents\ragnarok tools\herc\HerculesServer\vcproj-10\map-server\Debug\scanner.obj
C:\Users\W i n D o w s 8.1\Documents\ragnarok tools\herc\HerculesServer\vcproj-10\map-server\Debug\script.obj
C:\Users\W i n D o w s 8.1\Documents\ragnarok tools\herc\HerculesServer\vcproj-10\map-server\Debug\searchstore.obj
C:\Users\W i n D o w s 8.1\Documents\ragnarok tools\herc\HerculesServer\vcproj-10\map-server\Debug\showmsg.obj
C:\Users\W i n D o w s 8.1\Documents\ragnarok tools\herc\HerculesServer\vcproj-10\map-server\Debug\skill.obj
C:\Users\W i n D o w s 8.1\Documents\ragnarok tools\herc\HerculesServer\vcproj-10\map-server\Debug\socket.obj
C:\Users\W i n D o w s 8.1\Documents\ragnarok tools\herc\HerculesServer\vcproj-10\map-server\Debug\sql.obj
C:\Users\W i n D o w s 8.1\Documents\ragnarok tools\herc\HerculesServer\vcproj-10\map-server\Debug\status.obj
C:\Users\W i n D o w s 8.1\Documents\ragnarok tools\herc\HerculesServer\vcproj-10\map-server\Debug\storage.obj
C:\Users\W i n D o w s 8.1\Documents\ragnarok tools\herc\HerculesServer\vcproj-10\map-server\Debug\strbuf.obj
C:\Users\W i n D o w s 8.1\Documents\ragnarok tools\herc\HerculesServer\vcproj-10\map-server\Debug\strlib.obj
C:\Users\W i n D o w s 8.1\Documents\ragnarok tools\herc\HerculesServer\vcproj-10\map-server\Debug\sysinfo.obj
C:\Users\W i n D o w s 8.1\Documents\ragnarok tools\herc\HerculesServer\vcproj-10\map-server\Debug\thread.obj
C:\Users\W i n D o w s 8.1\Documents\ragnarok tools\herc\HerculesServer\vcproj-10\map-server\Debug\timer.obj
C:\Users\W i n D o w s 8.1\Documents\ragnarok tools\herc\HerculesServer\vcproj-10\map-server\Debug\trade.obj
C:\Users\W i n D o w s 8.1\Documents\ragnarok tools\herc\HerculesServer\vcproj-10\map-server\Debug\unit.obj
C:\Users\W i n D o w s 8.1\Documents\ragnarok tools\herc\HerculesServer\vcproj-10\map-server\Debug\utils.obj
C:\Users\W i n D o w s 8.1\Documents\ragnarok tools\herc\HerculesServer\vcproj-10\map-server\Debug\vc100.idb
C:\USERS\W I N D O W S 8.1\DOCUMENTS\RAGNAROK TOOLS\HERC\HERCULESSERVER\VCPROJ-10\MAP-SERVER\DEBUG\VC100.PDB
C:\Users\W i n D o w s 8.1\Documents\ragnarok tools\herc\HerculesServer\vcproj-10\map-server\Debug\vending.obj
