..\login-server.ilk
..\login-server.pdb
C:\USERS\W I N D O W S 8.1\DOCUMENTS\RAGNAROK TOOLS\HERC\HERCULESSERVER\LOGIN-SERVER.EXE
C:\Users\W i n D o w s 8.1\Documents\ragnarok tools\herc\HerculesServer\login-server.exp
C:\USERS\W I N D O W S 8.1\DOCUMENTS\RAGNAROK TOOLS\HERC\HERCULESSERVER\LOGIN-SERVER.ILK
C:\Users\W i n D o w s 8.1\Documents\ragnarok tools\herc\HerculesServer\login-server.lib
C:\USERS\W I N D O W S 8.1\DOCUMENTS\RAGNAROK TOOLS\HERC\HERCULESSERVER\LOGIN-SERVER.PDB
C:\Users\W i n D o w s 8.1\Documents\ragnarok tools\herc\HerculesServer\vcproj-10\..\login-server.exe
C:\Users\W i n D o w s 8.1\Documents\ragnarok tools\herc\HerculesServer\vcproj-10\login-server\Debug\account_sql.obj
C:\Users\W i n D o w s 8.1\Documents\ragnarok tools\herc\HerculesServer\vcproj-10\login-server\Debug\CL.1568.read.1.tlog
C:\Users\W i n D o w s 8.1\Documents\ragnarok tools\herc\HerculesServer\vcproj-10\login-server\Debug\CL.1568.write.1.tlog
C:\Users\W i n D o w s 8.1\Documents\ragnarok tools\herc\HerculesServer\vcproj-10\login-server\Debug\CL.4612.read.1.tlog
C:\Users\W i n D o w s 8.1\Documents\ragnarok tools\herc\HerculesServer\vcproj-10\login-server\Debug\CL.4612.write.1.tlog
C:\Users\W i n D o w s 8.1\Documents\ragnarok tools\herc\HerculesServer\vcproj-10\login-server\Debug\cl.command.1.tlog
C:\Users\W i n D o w s 8.1\Documents\ragnarok tools\herc\HerculesServer\vcproj-10\login-server\Debug\CL.read.1.tlog
C:\Users\W i n D o w s 8.1\Documents\ragnarok tools\herc\HerculesServer\vcproj-10\login-server\Debug\cl.write.1.tlog
C:\Users\W i n D o w s 8.1\Documents\ragnarok tools\herc\HerculesServer\vcproj-10\login-server\Debug\conf.obj
C:\Users\W i n D o w s 8.1\Documents\ragnarok tools\herc\HerculesServer\vcproj-10\login-server\Debug\console.obj
C:\Users\W i n D o w s 8.1\Documents\ragnarok tools\herc\HerculesServer\vcproj-10\login-server\Debug\core.obj
C:\Users\W i n D o w s 8.1\Documents\ragnarok tools\herc\HerculesServer\vcproj-10\login-server\Debug\db.obj
C:\Users\W i n D o w s 8.1\Documents\ragnarok tools\herc\HerculesServer\vcproj-10\login-server\Debug\ers.obj
C:\Users\W i n D o w s 8.1\Documents\ragnarok tools\herc\HerculesServer\vcproj-10\login-server\Debug\grammar.obj
C:\Users\W i n D o w s 8.1\Documents\ragnarok tools\herc\HerculesServer\vcproj-10\login-server\Debug\HPM.obj
C:\Users\W i n D o w s 8.1\Documents\ragnarok tools\herc\HerculesServer\vcproj-10\login-server\Debug\HPMlogin.obj
C:\Users\W i n D o w s 8.1\Documents\ragnarok tools\herc\HerculesServer\vcproj-10\login-server\Debug\ipban_sql.obj
C:\Users\W i n D o w s 8.1\Documents\ragnarok tools\herc\HerculesServer\vcproj-10\login-server\Debug\libconfig.obj
C:\Users\W i n D o w s 8.1\Documents\ragnarok tools\herc\HerculesServer\vcproj-10\login-server\Debug\link.2600.read.1.tlog
C:\Users\W i n D o w s 8.1\Documents\ragnarok tools\herc\HerculesServer\vcproj-10\login-server\Debug\link.2600.write.1.tlog
C:\Users\W i n D o w s 8.1\Documents\ragnarok tools\herc\HerculesServer\vcproj-10\login-server\Debug\link.2600-cvtres.read.1.tlog
C:\Users\W i n D o w s 8.1\Documents\ragnarok tools\herc\HerculesServer\vcproj-10\login-server\Debug\link.2600-cvtres.write.1.tlog
C:\Users\W i n D o w s 8.1\Documents\ragnarok tools\herc\HerculesServer\vcproj-10\login-server\Debug\link.command.1.tlog
C:\Users\W i n D o w s 8.1\Documents\ragnarok tools\herc\HerculesServer\vcproj-10\login-server\Debug\link.read.1.tlog
C:\Users\W i n D o w s 8.1\Documents\ragnarok tools\herc\HerculesServer\vcproj-10\login-server\Debug\link.write.1.tlog
C:\Users\W i n D o w s 8.1\Documents\ragnarok tools\herc\HerculesServer\vcproj-10\login-server\Debug\link-cvtres.read.1.tlog
C:\Users\W i n D o w s 8.1\Documents\ragnarok tools\herc\HerculesServer\vcproj-10\login-server\Debug\link-cvtres.write.1.tlog
C:\Users\W i n D o w s 8.1\Documents\ragnarok tools\herc\HerculesServer\vcproj-10\login-server\Debug\login.obj
C:\Users\W i n D o w s 8.1\Documents\ragnarok tools\herc\HerculesServer\vcproj-10\login-server\Debug\loginlog_sql.obj
C:\USERS\W I N D O W S 8.1\DOCUMENTS\RAGNAROK TOOLS\HERC\HERCULESSERVER\VCPROJ-10\LOGIN-SERVER\DEBUG\LOGIN-SERVER.EXE.EMBED.MANIFEST
C:\USERS\W I N D O W S 8.1\DOCUMENTS\RAGNAROK TOOLS\HERC\HERCULESSERVER\VCPROJ-10\LOGIN-SERVER\DEBUG\LOGIN-SERVER.EXE.EMBED.MANIFEST.RES
C:\USERS\W I N D O W S 8.1\DOCUMENTS\RAGNAROK TOOLS\HERC\HERCULESSERVER\VCPROJ-10\LOGIN-SERVER\DEBUG\LOGIN-SERVER.EXE.INTERMEDIATE.MANIFEST
C:\Users\W i n D o w s 8.1\Documents\ragnarok tools\herc\HerculesServer\vcproj-10\login-server\Debug\login-server.write.1.tlog
C:\Users\W i n D o w s 8.1\Documents\ragnarok tools\herc\HerculesServer\vcproj-10\login-server\Debug\login-server_manifest.rc
C:\Users\W i n D o w s 8.1\Documents\ragnarok tools\herc\HerculesServer\vcproj-10\login-server\Debug\md5calc.obj
C:\Users\W i n D o w s 8.1\Documents\ragnarok tools\herc\HerculesServer\vcproj-10\login-server\Debug\memmgr.obj
C:\Users\W i n D o w s 8.1\Documents\ragnarok tools\herc\HerculesServer\vcproj-10\login-server\Debug\mt.command.1.tlog
C:\Users\W i n D o w s 8.1\Documents\ragnarok tools\herc\HerculesServer\vcproj-10\login-server\Debug\mt.read.1.tlog
C:\Users\W i n D o w s 8.1\Documents\ragnarok tools\herc\HerculesServer\vcproj-10\login-server\Debug\mt.write.1.tlog
C:\Users\W i n D o w s 8.1\Documents\ragnarok tools\herc\HerculesServer\vcproj-10\login-server\Debug\mt19937ar.obj
C:\Users\W i n D o w s 8.1\Documents\ragnarok tools\herc\HerculesServer\vcproj-10\login-server\Debug\mutex.obj
C:\Users\W i n D o w s 8.1\Documents\ragnarok tools\herc\HerculesServer\vcproj-10\login-server\Debug\nullpo.obj
C:\Users\W i n D o w s 8.1\Documents\ragnarok tools\herc\HerculesServer\vcproj-10\login-server\Debug\random.obj
C:\Users\W i n D o w s 8.1\Documents\ragnarok tools\herc\HerculesServer\vcproj-10\login-server\Debug\rc.command.1.tlog
C:\Users\W i n D o w s 8.1\Documents\ragnarok tools\herc\HerculesServer\vcproj-10\login-server\Debug\rc.read.1.tlog
C:\Users\W i n D o w s 8.1\Documents\ragnarok tools\herc\HerculesServer\vcproj-10\login-server\Debug\rc.write.1.tlog
C:\Users\W i n D o w s 8.1\Documents\ragnarok tools\herc\HerculesServer\vcproj-10\login-server\Debug\scanctx.obj
C:\Users\W i n D o w s 8.1\Documents\ragnarok tools\herc\HerculesServer\vcproj-10\login-server\Debug\scanner.obj
C:\Users\W i n D o w s 8.1\Documents\ragnarok tools\herc\HerculesServer\vcproj-10\login-server\Debug\showmsg.obj
C:\Users\W i n D o w s 8.1\Documents\ragnarok tools\herc\HerculesServer\vcproj-10\login-server\Debug\socket.obj
C:\Users\W i n D o w s 8.1\Documents\ragnarok tools\herc\HerculesServer\vcproj-10\login-server\Debug\sql.obj
C:\Users\W i n D o w s 8.1\Documents\ragnarok tools\herc\HerculesServer\vcproj-10\login-server\Debug\strbuf.obj
C:\Users\W i n D o w s 8.1\Documents\ragnarok tools\herc\HerculesServer\vcproj-10\login-server\Debug\strlib.obj
C:\Users\W i n D o w s 8.1\Documents\ragnarok tools\herc\HerculesServer\vcproj-10\login-server\Debug\sysinfo.obj
C:\Users\W i n D o w s 8.1\Documents\ragnarok tools\herc\HerculesServer\vcproj-10\login-server\Debug\thread.obj
C:\Users\W i n D o w s 8.1\Documents\ragnarok tools\herc\HerculesServer\vcproj-10\login-server\Debug\timer.obj
C:\Users\W i n D o w s 8.1\Documents\ragnarok tools\herc\HerculesServer\vcproj-10\login-server\Debug\utils.obj
C:\Users\W i n D o w s 8.1\Documents\ragnarok tools\herc\HerculesServer\vcproj-10\login-server\Debug\vc100.idb
C:\USERS\W I N D O W S 8.1\DOCUMENTS\RAGNAROK TOOLS\HERC\HERCULESSERVER\VCPROJ-10\LOGIN-SERVER\DEBUG\VC100.PDB
